mode: atomic
github.com/nullpo7z/vantyx/internal/netutil/ipv6.go:11.66,12.13 1 6
github.com/nullpo7z/vantyx/internal/netutil/ipv6.go:12.13,14.3 1 1
github.com/nullpo7z/vantyx/internal/netutil/ipv6.go:16.2,18.45 3 5
github.com/nullpo7z/vantyx/internal/netutil/ipv6.go:18.45,21.3 2 2
github.com/nullpo7z/vantyx/internal/netutil/ipv6.go:23.2,24.54 2 5
github.com/nullpo7z/vantyx/internal/netutil/ipv6.go:24.54,26.3 1 2
github.com/nullpo7z/vantyx/internal/netutil/ipv6.go:28.2,29.16 2 3
github.com/nullpo7z/vantyx/internal/netutil/ipv6.go:29.16,31.17 2 2
github.com/nullpo7z/vantyx/internal/netutil/ipv6.go:31.17,33.4 1 1
github.com/nullpo7z/vantyx/internal/netutil/ipv6.go:34.3,34.14 1 1
github.com/nullpo7z/vantyx/internal/netutil/ipv6.go:37.2,37.23 1 2
github.com/nullpo7z/vantyx/internal/auth/password.go:15.49,16.17 1 5
github.com/nullpo7z/vantyx/internal/auth/password.go:16.17,18.3 1 1
github.com/nullpo7z/vantyx/internal/auth/password.go:19.2,20.16 2 4
github.com/nullpo7z/vantyx/internal/auth/password.go:20.16,22.3 1 0
github.com/nullpo7z/vantyx/internal/auth/password.go:23.2,23.28 1 4
github.com/nullpo7z/vantyx/internal/auth/password.go:27.48,28.33 1 6
github.com/nullpo7z/vantyx/internal/auth/password.go:28.33,30.3 1 2
github.com/nullpo7z/vantyx/internal/auth/password.go:31.2,32.19 2 4
github.com/nullpo7z/vantyx/internal/auth/session.go:30.71,36.2 1 2
github.com/nullpo7z/vantyx/internal/auth/session.go:39.72,40.18 1 2
github.com/nullpo7z/vantyx/internal/auth/session.go:40.18,42.3 1 0
github.com/nullpo7z/vantyx/internal/auth/session.go:43.2,44.16 2 2
github.com/nullpo7z/vantyx/internal/auth/session.go:44.16,46.3 1 0
github.com/nullpo7z/vantyx/internal/auth/session.go:47.2,59.18 6 2
github.com/nullpo7z/vantyx/internal/auth/session.go:63.65,67.9 4 2
github.com/nullpo7z/vantyx/internal/auth/session.go:67.9,69.3 1 0
github.com/nullpo7z/vantyx/internal/auth/session.go:70.2,70.35 1 2
github.com/nullpo7z/vantyx/internal/auth/session.go:70.35,73.3 2 1
github.com/nullpo7z/vantyx/internal/auth/session.go:74.2,74.18 1 1
github.com/nullpo7z/vantyx/internal/auth/session.go:78.50,82.2 3 1
github.com/nullpo7z/vantyx/internal/auth/session.go:84.38,86.40 2 2
github.com/nullpo7z/vantyx/internal/auth/session.go:86.40,88.3 1 0
github.com/nullpo7z/vantyx/internal/auth/session.go:89.2,89.35 1 2
github.com/nullpo7z/vantyx/internal/auth/user.go:29.48,34.2 1 3
github.com/nullpo7z/vantyx/internal/auth/user.go:37.91,38.32 1 5
github.com/nullpo7z/vantyx/internal/auth/user.go:38.32,40.3 1 0
github.com/nullpo7z/vantyx/internal/auth/user.go:42.2,45.29 3 5
github.com/nullpo7z/vantyx/internal/auth/user.go:45.29,47.3 1 1
github.com/nullpo7z/vantyx/internal/auth/user.go:48.2,48.37 1 4
github.com/nullpo7z/vantyx/internal/auth/user.go:48.37,50.3 1 1
github.com/nullpo7z/vantyx/internal/auth/user.go:52.2,53.16 2 3
github.com/nullpo7z/vantyx/internal/auth/user.go:53.16,55.3 1 0
github.com/nullpo7z/vantyx/internal/auth/user.go:57.2,64.15 4 3
github.com/nullpo7z/vantyx/internal/auth/user.go:68.89,72.9 4 2
github.com/nullpo7z/vantyx/internal/auth/user.go:72.9,74.3 1 0
github.com/nullpo7z/vantyx/internal/auth/user.go:75.2,75.52 1 2
github.com/nullpo7z/vantyx/internal/auth/user.go:75.52,77.3 1 1
github.com/nullpo7z/vantyx/internal/auth/user.go:78.2,78.15 1 1
github.com/nullpo7z/vantyx/internal/auth/user.go:82.63,87.9 4 1
github.com/nullpo7z/vantyx/internal/auth/user.go:87.9,89.3 1 0
github.com/nullpo7z/vantyx/internal/auth/user.go:90.2,90.15 1 1
github.com/nullpo7z/vantyx/internal/session/manager.go:30.28,35.2 1 3
github.com/nullpo7z/vantyx/internal/session/manager.go:38.80,42.41 3 4
github.com/nullpo7z/vantyx/internal/session/manager.go:42.41,44.3 1 1
github.com/nullpo7z/vantyx/internal/session/manager.go:47.2,58.12 4 3
github.com/nullpo7z/vantyx/internal/session/manager.go:58.12,65.3 5 3
github.com/nullpo7z/vantyx/internal/session/manager.go:67.2,67.18 1 3
github.com/nullpo7z/vantyx/internal/session/manager.go:71.32,75.33 3 1
github.com/nullpo7z/vantyx/internal/session/manager.go:75.33,77.3 1 1
github.com/nullpo7z/vantyx/internal/session/manager.go:81.31,85.9 4 2
github.com/nullpo7z/vantyx/internal/session/manager.go:85.9,87.3 1 0
github.com/nullpo7z/vantyx/internal/session/manager.go:89.2,90.13 2 2
github.com/nullpo7z/vantyx/internal/session/manager.go:94.36,99.29 4 2
github.com/nullpo7z/vantyx/internal/session/manager.go:99.29,101.3 1 1
github.com/nullpo7z/vantyx/internal/session/manager.go:102.2,102.12 1 2
github.com/nullpo7z/vantyx/internal/access/group.go:28.62,34.2 1 3
github.com/nullpo7z/vantyx/internal/access/group.go:37.82,38.28 1 3
github.com/nullpo7z/vantyx/internal/access/group.go:38.28,40.3 1 0
github.com/nullpo7z/vantyx/internal/access/group.go:42.2,45.29 3 3
github.com/nullpo7z/vantyx/internal/access/group.go:45.29,47.3 1 0
github.com/nullpo7z/vantyx/internal/access/group.go:49.2,52.15 4 3
github.com/nullpo7z/vantyx/internal/access/group.go:56.81,60.35 3 4
github.com/nullpo7z/vantyx/internal/access/group.go:60.35,62.3 1 1
github.com/nullpo7z/vantyx/internal/access/group.go:63.2,63.33 1 3
github.com/nullpo7z/vantyx/internal/access/group.go:63.33,65.3 1 2
github.com/nullpo7z/vantyx/internal/access/group.go:66.2,67.12 2 3
github.com/nullpo7z/vantyx/internal/access/group.go:71.85,75.35 3 4
github.com/nullpo7z/vantyx/internal/access/group.go:75.35,77.3 1 0
github.com/nullpo7z/vantyx/internal/access/group.go:78.2,78.36 1 4
github.com/nullpo7z/vantyx/internal/access/group.go:78.36,80.3 1 0
github.com/nullpo7z/vantyx/internal/access/group.go:81.2,82.12 2 4
github.com/nullpo7z/vantyx/internal/access/group.go:86.77,91.24 4 3
github.com/nullpo7z/vantyx/internal/access/group.go:91.24,93.3 1 1
github.com/nullpo7z/vantyx/internal/access/group.go:95.2,96.28 2 2
github.com/nullpo7z/vantyx/internal/access/group.go:96.28,97.40 1 3
github.com/nullpo7z/vantyx/internal/access/group.go:97.40,99.4 1 4
github.com/nullpo7z/vantyx/internal/access/group.go:102.2,103.24 2 2
github.com/nullpo7z/vantyx/internal/access/group.go:103.24,105.3 1 3
github.com/nullpo7z/vantyx/internal/access/group.go:106.2,106.12 1 2
github.com/nullpo7z/vantyx/internal/access/target.go:37.52,41.2 1 3
github.com/nullpo7z/vantyx/internal/access/target.go:44.110,45.42 1 5
github.com/nullpo7z/vantyx/internal/access/target.go:45.42,47.3 1 0
github.com/nullpo7z/vantyx/internal/access/target.go:49.2,52.29 3 5
github.com/nullpo7z/vantyx/internal/access/target.go:52.29,54.3 1 1
github.com/nullpo7z/vantyx/internal/access/target.go:56.2,64.15 3 4
github.com/nullpo7z/vantyx/internal/access/target.go:68.63,73.9 4 2
github.com/nullpo7z/vantyx/internal/access/target.go:73.9,75.3 1 1
github.com/nullpo7z/vantyx/internal/access/target.go:76.2,76.15 1 1
github.com/nullpo7z/vantyx/internal/access/target.go:80.65,86.25 5 1
github.com/nullpo7z/vantyx/internal/access/target.go:86.25,87.15 1 4
github.com/nullpo7z/vantyx/internal/access/target.go:87.15,88.12 1 1
github.com/nullpo7z/vantyx/internal/access/target.go:90.3,91.30 2 3
github.com/nullpo7z/vantyx/internal/access/target.go:91.30,93.4 1 2
github.com/nullpo7z/vantyx/internal/access/target.go:95.2,95.12 1 1
github.com/nullpo7z/vantyx/internal/httpapi/router.go:26.20,48.2 12 11
github.com/nullpo7z/vantyx/internal/httpapi/router.go:51.40,57.65 3 11
github.com/nullpo7z/vantyx/internal/httpapi/router.go:57.65,60.3 2 0
github.com/nullpo7z/vantyx/internal/httpapi/router.go:63.2,72.10 5 11
github.com/nullpo7z/vantyx/internal/httpapi/router.go:85.67,87.61 2 2
github.com/nullpo7z/vantyx/internal/httpapi/router.go:87.61,90.3 2 0
github.com/nullpo7z/vantyx/internal/httpapi/router.go:91.2,92.16 2 2
github.com/nullpo7z/vantyx/internal/httpapi/router.go:92.16,95.3 2 1
github.com/nullpo7z/vantyx/internal/httpapi/router.go:97.2,98.16 2 1
github.com/nullpo7z/vantyx/internal/httpapi/router.go:98.16,101.3 2 0
github.com/nullpo7z/vantyx/internal/httpapi/router.go:103.2,116.4 4 1
github.com/nullpo7z/vantyx/internal/httpapi/router.go:119.65,120.71 1 11
github.com/nullpo7z/vantyx/internal/httpapi/router.go:120.71,122.34 2 11
github.com/nullpo7z/vantyx/internal/httpapi/router.go:122.34,125.4 2 5
github.com/nullpo7z/vantyx/internal/httpapi/router.go:126.3,127.23 2 6
github.com/nullpo7z/vantyx/internal/httpapi/router.go:132.64,134.33 2 2
github.com/nullpo7z/vantyx/internal/httpapi/router.go:134.33,137.3 2 1
github.com/nullpo7z/vantyx/internal/httpapi/router.go:138.2,139.16 2 1
github.com/nullpo7z/vantyx/internal/httpapi/router.go:139.16,142.3 2 0
github.com/nullpo7z/vantyx/internal/httpapi/router.go:143.2,144.16 2 1
github.com/nullpo7z/vantyx/internal/httpapi/router.go:144.16,147.3 2 0
github.com/nullpo7z/vantyx/internal/httpapi/router.go:149.2,154.4 3 1
github.com/nullpo7z/vantyx/internal/httpapi/router.go:166.69,168.33 2 2
github.com/nullpo7z/vantyx/internal/httpapi/router.go:168.33,171.3 2 1
github.com/nullpo7z/vantyx/internal/httpapi/router.go:172.2,173.16 2 1
github.com/nullpo7z/vantyx/internal/httpapi/router.go:173.16,176.3 2 0
github.com/nullpo7z/vantyx/internal/httpapi/router.go:178.2,182.28 4 1
github.com/nullpo7z/vantyx/internal/httpapi/router.go:182.28,190.3 1 1
github.com/nullpo7z/vantyx/internal/httpapi/router.go:192.2,194.36 3 1
github.com/nullpo7z/vantyx/internal/httpapi/terminal.go:14.42,17.3 1 1
github.com/nullpo7z/vantyx/internal/httpapi/terminal.go:23.74,25.38 2 5
github.com/nullpo7z/vantyx/internal/httpapi/terminal.go:25.38,28.3 2 1
github.com/nullpo7z/vantyx/internal/httpapi/terminal.go:29.2,30.16 2 4
github.com/nullpo7z/vantyx/internal/httpapi/terminal.go:30.16,33.3 2 0
github.com/nullpo7z/vantyx/internal/httpapi/terminal.go:35.2,36.20 2 4
github.com/nullpo7z/vantyx/internal/httpapi/terminal.go:36.20,39.3 2 1
github.com/nullpo7z/vantyx/internal/httpapi/terminal.go:41.2,42.16 2 3
github.com/nullpo7z/vantyx/internal/httpapi/terminal.go:42.16,45.3 2 1
github.com/nullpo7z/vantyx/internal/httpapi/terminal.go:47.2,49.29 3 2
github.com/nullpo7z/vantyx/internal/httpapi/terminal.go:49.29,51.3 1 1
github.com/nullpo7z/vantyx/internal/httpapi/terminal.go:52.2,52.40 1 2
github.com/nullpo7z/vantyx/internal/httpapi/terminal.go:52.40,55.3 2 1
github.com/nullpo7z/vantyx/internal/httpapi/terminal.go:57.2,58.16 2 1
github.com/nullpo7z/vantyx/internal/httpapi/terminal.go:58.16,61.3 2 0
github.com/nullpo7z/vantyx/internal/httpapi/terminal.go:63.2,65.72 2 1
github.com/nullpo7z/vantyx/internal/httpapi/terminal.go:65.72,67.7 2 1
github.com/nullpo7z/vantyx/internal/httpapi/terminal.go:67.7,68.11 1 2
github.com/nullpo7z/vantyx/internal/httpapi/terminal.go:69.22,70.11 1 0
github.com/nullpo7z/vantyx/internal/httpapi/terminal.go:71.12,73.23 2 2
github.com/nullpo7z/vantyx/internal/httpapi/terminal.go:73.23,75.6 1 1
github.com/nullpo7z/vantyx/internal/httpapi/terminal.go:76.5,77.64 2 1
github.com/nullpo7z/vantyx/internal/httpapi/terminal.go:77.64,79.6 1 0
github.com/nullpo7z/vantyx/internal/httpapi/terminal.go:83.2,83.16 1 1
github.com/nullpo7z/vantyx/internal/httpapi/terminal.go:83.16,87.3 3 0
